{"C:\\Users\\lucas\\OneDrive\\Desktop\\fulestak\\Proyect_Coso_1\\src\\api\\AxiosConfig.js": {"path":"C:\\Users\\lucas\\OneDrive\\Desktop\\fulestak\\Proyect_Coso_1\\src\\api\\AxiosConfig.js","statementMap":{"0":{"start":{"line":3,"column":12},"end":{"line":5,"column":2}},"1":{"start":{"line":7,"column":0},"end":{"line":18,"column":2}},"2":{"start":{"line":9,"column":18},"end":{"line":9,"column":47}},"3":{"start":{"line":10,"column":4},"end":{"line":12,"column":5}},"4":{"start":{"line":11,"column":6},"end":{"line":11,"column":55}},"5":{"start":{"line":13,"column":4},"end":{"line":13,"column":18}},"6":{"start":{"line":16,"column":4},"end":{"line":16,"column":33}},"7":{"start":{"line":21,"column":0},"end":{"line":33,"column":2}},"8":{"start":{"line":22,"column":16},"end":{"line":22,"column":24}},"9":{"start":{"line":24,"column":4},"end":{"line":26,"column":5}},"10":{"start":{"line":25,"column":6},"end":{"line":25,"column":27}},"11":{"start":{"line":27,"column":4},"end":{"line":30,"column":5}},"12":{"start":{"line":29,"column":6},"end":{"line":29,"column":112}},"13":{"start":{"line":31,"column":4},"end":{"line":31,"column":33}}},"fnMap":{"0":{"name":"(anonymous_0)","decl":{"start":{"line":8,"column":2},"end":{"line":8,"column":3}},"loc":{"start":{"line":8,"column":14},"end":{"line":14,"column":3}},"line":8},"1":{"name":"(anonymous_1)","decl":{"start":{"line":15,"column":2},"end":{"line":15,"column":3}},"loc":{"start":{"line":15,"column":13},"end":{"line":17,"column":3}},"line":15},"2":{"name":"(anonymous_2)","decl":{"start":{"line":22,"column":2},"end":{"line":22,"column":3}},"loc":{"start":{"line":22,"column":16},"end":{"line":22,"column":24}},"line":22},"3":{"name":"(anonymous_3)","decl":{"start":{"line":23,"column":2},"end":{"line":23,"column":3}},"loc":{"start":{"line":23,"column":13},"end":{"line":32,"column":3}},"line":23}},"branchMap":{"0":{"loc":{"start":{"line":10,"column":4},"end":{"line":12,"column":5}},"type":"if","locations":[{"start":{"line":10,"column":4},"end":{"line":12,"column":5}},{"start":{},"end":{}}],"line":10},"1":{"loc":{"start":{"line":24,"column":4},"end":{"line":26,"column":5}},"type":"if","locations":[{"start":{"line":24,"column":4},"end":{"line":26,"column":5}},{"start":{},"end":{}}],"line":24},"2":{"loc":{"start":{"line":27,"column":4},"end":{"line":30,"column":5}},"type":"if","locations":[{"start":{"line":27,"column":4},"end":{"line":30,"column":5}},{"start":{},"end":{}}],"line":27}},"s":{"0":1,"1":1,"2":0,"3":0,"4":0,"5":0,"6":0,"7":1,"8":0,"9":0,"10":0,"11":0,"12":0,"13":0},"f":{"0":0,"1":0,"2":0,"3":0},"b":{"0":[0,0],"1":[0,0],"2":[0,0]},"_coverageSchema":"1a1c01bbd47fc00a2c39e90264f33305004495a9","hash":"a73844aa2d07a8b2a1caf60507e48c205acd1463"}
,"C:\\Users\\lucas\\OneDrive\\Desktop\\fulestak\\Proyect_Coso_1\\src\\components\\AuthForm.jsx": {"path":"C:\\Users\\lucas\\OneDrive\\Desktop\\fulestak\\Proyect_Coso_1\\src\\components\\AuthForm.jsx","statementMap":{"0":{"start":{"line":10,"column":19},"end":{"line":10,"column":32}},"1":{"start":{"line":12,"column":15},"end":{"line":12,"column":21}},"2":{"start":{"line":13,"column":17},"end":{"line":13,"column":20}},"3":{"start":{"line":14,"column":16},"end":{"line":14,"column":24}},"4":{"start":{"line":16,"column":28},"end":{"line":16,"column":40}},"5":{"start":{"line":17,"column":34},"end":{"line":17,"column":46}},"6":{"start":{"line":18,"column":34},"end":{"line":18,"column":46}},"7":{"start":{"line":19,"column":36},"end":{"line":19,"column":48}},"8":{"start":{"line":20,"column":28},"end":{"line":20,"column":40}},"9":{"start":{"line":21,"column":34},"end":{"line":21,"column":48}},"10":{"start":{"line":22,"column":48},"end":{"line":22,"column":60}},"11":{"start":{"line":25,"column":21},"end":{"line":25,"column":40}},"12":{"start":{"line":27,"column":23},"end":{"line":36,"column":3}},"13":{"start":{"line":28,"column":18},"end":{"line":28,"column":28}},"14":{"start":{"line":29,"column":18},"end":{"line":29,"column":38}},"15":{"start":{"line":30,"column":14},"end":{"line":30,"column":55}},"16":{"start":{"line":31,"column":18},"end":{"line":31,"column":53}},"17":{"start":{"line":32,"column":4},"end":{"line":34,"column":5}},"18":{"start":{"line":33,"column":6},"end":{"line":33,"column":12}},"19":{"start":{"line":35,"column":4},"end":{"line":35,"column":15}},"20":{"start":{"line":38,"column":22},"end":{"line":41,"column":3}},"21":{"start":{"line":39,"column":4},"end":{"line":40,"column":25}},"22":{"start":{"line":39,"column":38},"end":{"line":39,"column":53}},"23":{"start":{"line":40,"column":9},"end":{"line":40,"column":25}},"24":{"start":{"line":43,"column":17},"end":{"line":107,"column":1}},"25":{"start":{"line":44,"column":2},"end":{"line":44,"column":21}},"26":{"start":{"line":45,"column":2},"end":{"line":45,"column":15}},"27":{"start":{"line":47,"column":2},"end":{"line":106,"column":3}},"28":{"start":{"line":49,"column":4},"end":{"line":53,"column":5}},"29":{"start":{"line":50,"column":6},"end":{"line":50,"column":55}},"30":{"start":{"line":51,"column":6},"end":{"line":51,"column":73}},"31":{"start":{"line":52,"column":6},"end":{"line":52,"column":13}},"32":{"start":{"line":55,"column":4},"end":{"line":58,"column":5}},"33":{"start":{"line":56,"column":6},"end":{"line":56,"column":66}},"34":{"start":{"line":57,"column":6},"end":{"line":57,"column":13}},"35":{"start":{"line":60,"column":16},"end":{"line":60,"column":39}},"36":{"start":{"line":61,"column":4},"end":{"line":64,"column":5}},"37":{"start":{"line":62,"column":6},"end":{"line":62,"column":65}},"38":{"start":{"line":63,"column":6},"end":{"line":63,"column":13}},"39":{"start":{"line":66,"column":4},"end":{"line":69,"column":5}},"40":{"start":{"line":67,"column":6},"end":{"line":67,"column":48}},"41":{"start":{"line":68,"column":6},"end":{"line":68,"column":13}},"42":{"start":{"line":71,"column":21},"end":{"line":71,"column":39}},"43":{"start":{"line":73,"column":4},"end":{"line":88,"column":5}},"44":{"start":{"line":74,"column":23},"end":{"line":82,"column":7}},"45":{"start":{"line":84,"column":6},"end":{"line":84,"column":49}},"46":{"start":{"line":85,"column":6},"end":{"line":85,"column":23}},"47":{"start":{"line":87,"column":6},"end":{"line":87,"column":66}},"48":{"start":{"line":92,"column":4},"end":{"line":105,"column":5}},"49":{"start":{"line":93,"column":23},"end":{"line":93,"column":54}},"50":{"start":{"line":95,"column":6},"end":{"line":95,"column":57}},"51":{"start":{"line":96,"column":6},"end":{"line":96,"column":47}},"52":{"start":{"line":97,"column":6},"end":{"line":100,"column":7}},"53":{"start":{"line":98,"column":8},"end":{"line":98,"column":30}},"54":{"start":{"line":99,"column":8},"end":{"line":99,"column":15}},"55":{"start":{"line":102,"column":6},"end":{"line":102,"column":23}},"56":{"start":{"line":104,"column":6},"end":{"line":104,"column":73}},"57":{"start":{"line":109,"column":2},"end":{"line":178,"column":4}},"58":{"start":{"line":119,"column":27},"end":{"line":119,"column":54}},"59":{"start":{"line":127,"column":27},"end":{"line":127,"column":54}},"60":{"start":{"line":140,"column":31},"end":{"line":140,"column":65}},"61":{"start":{"line":149,"column":10},"end":{"line":149,"column":35}},"62":{"start":{"line":150,"column":10},"end":{"line":152,"column":11}},"63":{"start":{"line":151,"column":12},"end":{"line":151,"column":53}},"64":{"start":{"line":161,"column":31},"end":{"line":161,"column":59}}},"fnMap":{"0":{"name":"AuthForm","decl":{"start":{"line":8,"column":9},"end":{"line":8,"column":17}},"loc":{"start":{"line":8,"column":46},"end":{"line":179,"column":1}},"line":8},"1":{"name":"(anonymous_1)","decl":{"start":{"line":27,"column":23},"end":{"line":27,"column":24}},"loc":{"start":{"line":27,"column":39},"end":{"line":36,"column":3}},"line":27},"2":{"name":"(anonymous_2)","decl":{"start":{"line":38,"column":22},"end":{"line":38,"column":23}},"loc":{"start":{"line":38,"column":33},"end":{"line":41,"column":3}},"line":38},"3":{"name":"(anonymous_3)","decl":{"start":{"line":43,"column":17},"end":{"line":43,"column":18}},"loc":{"start":{"line":43,"column":30},"end":{"line":107,"column":1}},"line":43},"4":{"name":"(anonymous_4)","decl":{"start":{"line":119,"column":20},"end":{"line":119,"column":21}},"loc":{"start":{"line":119,"column":27},"end":{"line":119,"column":54}},"line":119},"5":{"name":"(anonymous_5)","decl":{"start":{"line":127,"column":20},"end":{"line":127,"column":21}},"loc":{"start":{"line":127,"column":27},"end":{"line":127,"column":54}},"line":127},"6":{"name":"(anonymous_6)","decl":{"start":{"line":140,"column":24},"end":{"line":140,"column":25}},"loc":{"start":{"line":140,"column":31},"end":{"line":140,"column":65}},"line":140},"7":{"name":"(anonymous_7)","decl":{"start":{"line":148,"column":20},"end":{"line":148,"column":21}},"loc":{"start":{"line":148,"column":27},"end":{"line":153,"column":11}},"line":148},"8":{"name":"(anonymous_8)","decl":{"start":{"line":161,"column":24},"end":{"line":161,"column":25}},"loc":{"start":{"line":161,"column":31},"end":{"line":161,"column":59}},"line":161}},"branchMap":{"0":{"loc":{"start":{"line":8,"column":20},"end":{"line":8,"column":34}},"type":"default-arg","locations":[{"start":{"line":8,"column":27},"end":{"line":8,"column":34}}],"line":8},"1":{"loc":{"start":{"line":32,"column":4},"end":{"line":34,"column":5}},"type":"if","locations":[{"start":{"line":32,"column":4},"end":{"line":34,"column":5}},{"start":{},"end":{}}],"line":32},"2":{"loc":{"start":{"line":32,"column":8},"end":{"line":32,"column":71}},"type":"binary-expr","locations":[{"start":{"line":32,"column":8},"end":{"line":32,"column":17}},{"start":{"line":32,"column":22},"end":{"line":32,"column":33}},{"start":{"line":32,"column":37},"end":{"line":32,"column":70}}],"line":32},"3":{"loc":{"start":{"line":39,"column":4},"end":{"line":40,"column":25}},"type":"if","locations":[{"start":{"line":39,"column":4},"end":{"line":40,"column":25}},{"start":{"line":40,"column":9},"end":{"line":40,"column":25}}],"line":39},"4":{"loc":{"start":{"line":47,"column":2},"end":{"line":106,"column":3}},"type":"if","locations":[{"start":{"line":47,"column":2},"end":{"line":106,"column":3}},{"start":{"line":90,"column":9},"end":{"line":106,"column":3}}],"line":47},"5":{"loc":{"start":{"line":49,"column":4},"end":{"line":53,"column":5}},"type":"if","locations":[{"start":{"line":49,"column":4},"end":{"line":53,"column":5}},{"start":{},"end":{}}],"line":49},"6":{"loc":{"start":{"line":55,"column":4},"end":{"line":58,"column":5}},"type":"if","locations":[{"start":{"line":55,"column":4},"end":{"line":58,"column":5}},{"start":{},"end":{}}],"line":55},"7":{"loc":{"start":{"line":61,"column":4},"end":{"line":64,"column":5}},"type":"if","locations":[{"start":{"line":61,"column":4},"end":{"line":64,"column":5}},{"start":{},"end":{}}],"line":61},"8":{"loc":{"start":{"line":66,"column":4},"end":{"line":69,"column":5}},"type":"if","locations":[{"start":{"line":66,"column":4},"end":{"line":69,"column":5}},{"start":{},"end":{}}],"line":66},"9":{"loc":{"start":{"line":87,"column":15},"end":{"line":87,"column":64}},"type":"binary-expr","locations":[{"start":{"line":87,"column":15},"end":{"line":87,"column":40}},{"start":{"line":87,"column":44},"end":{"line":87,"column":64}}],"line":87},"10":{"loc":{"start":{"line":97,"column":6},"end":{"line":100,"column":7}},"type":"if","locations":[{"start":{"line":97,"column":6},"end":{"line":100,"column":7}},{"start":{},"end":{}}],"line":97},"11":{"loc":{"start":{"line":104,"column":15},"end":{"line":104,"column":71}},"type":"binary-expr","locations":[{"start":{"line":104,"column":15},"end":{"line":104,"column":40}},{"start":{"line":104,"column":44},"end":{"line":104,"column":71}}],"line":104},"12":{"loc":{"start":{"line":112,"column":11},"end":{"line":112,"column":56}},"type":"cond-expr","locations":[{"start":{"line":112,"column":24},"end":{"line":112,"column":37}},{"start":{"line":112,"column":40},"end":{"line":112,"column":56}}],"line":112},"13":{"loc":{"start":{"line":133,"column":9},"end":{"line":171,"column":9}},"type":"binary-expr","locations":[{"start":{"line":133,"column":9},"end":{"line":133,"column":19}},{"start":{"line":134,"column":10},"end":{"line":170,"column":13}}],"line":133},"14":{"loc":{"start":{"line":150,"column":10},"end":{"line":152,"column":11}},"type":"if","locations":[{"start":{"line":150,"column":10},"end":{"line":152,"column":11}},{"start":{},"end":{}}],"line":150},"15":{"loc":{"start":{"line":165,"column":13},"end":{"line":169,"column":13}},"type":"binary-expr","locations":[{"start":{"line":165,"column":13},"end":{"line":165,"column":34}},{"start":{"line":166,"column":14},"end":{"line":168,"column":18}}],"line":165},"16":{"loc":{"start":{"line":173,"column":31},"end":{"line":173,"column":69}},"type":"cond-expr","locations":[{"start":{"line":173,"column":44},"end":{"line":173,"column":58}},{"start":{"line":173,"column":61},"end":{"line":173,"column":69}}],"line":173},"17":{"loc":{"start":{"line":174,"column":9},"end":{"line":174,"column":55}},"type":"binary-expr","locations":[{"start":{"line":174,"column":9},"end":{"line":174,"column":14}},{"start":{"line":174,"column":18},"end":{"line":174,"column":55}}],"line":174}},"s":{"0":15,"1":15,"2":15,"3":15,"4":15,"5":15,"6":15,"7":15,"8":15,"9":15,"10":15,"11":15,"12":15,"13":1,"14":1,"15":1,"16":1,"17":1,"18":0,"19":1,"20":15,"21":1,"22":0,"23":1,"24":15,"25":2,"26":2,"27":2,"28":1,"29":0,"30":0,"31":0,"32":1,"33":0,"34":0,"35":1,"36":1,"37":1,"38":1,"39":0,"40":0,"41":0,"42":0,"43":0,"44":0,"45":0,"46":0,"47":0,"48":1,"49":1,"50":0,"51":0,"52":0,"53":0,"54":0,"55":0,"56":1,"57":15,"58":2,"59":2,"60":1,"61":1,"62":1,"63":1,"64":1},"f":{"0":15,"1":1,"2":1,"3":2,"4":2,"5":2,"6":1,"7":1,"8":1},"b":{"0":[0],"1":[0,1],"2":[1,1,1],"3":[0,1],"4":[1,1],"5":[0,1],"6":[0,1],"7":[1,0],"8":[0,0],"9":[0,0],"10":[0,0],"11":[1,0],"12":[8,7],"13":[15,8],"14":[1,0],"15":[8,0],"16":[8,7],"17":[15,2]},"_coverageSchema":"1a1c01bbd47fc00a2c39e90264f33305004495a9","hash":"709862ee469609ad673e4edd97584eab1f34fee7"}
,"C:\\Users\\lucas\\OneDrive\\Desktop\\fulestak\\Proyect_Coso_1\\src\\components\\FooterPage.jsx": {"path":"C:\\Users\\lucas\\OneDrive\\Desktop\\fulestak\\Proyect_Coso_1\\src\\components\\FooterPage.jsx","statementMap":{"0":{"start":{"line":5,"column":4},"end":{"line":40,"column":5}},"1":{"start":{"line":6,"column":8},"end":{"line":31,"column":10}},"2":{"start":{"line":33,"column":8},"end":{"line":39,"column":10}}},"fnMap":{"0":{"name":"FooterPage","decl":{"start":{"line":3,"column":24},"end":{"line":3,"column":34}},"loc":{"start":{"line":3,"column":43},"end":{"line":42,"column":1}},"line":3}},"branchMap":{"0":{"loc":{"start":{"line":5,"column":4},"end":{"line":40,"column":5}},"type":"if","locations":[{"start":{"line":5,"column":4},"end":{"line":40,"column":5}},{"start":{"line":32,"column":9},"end":{"line":40,"column":5}}],"line":5}},"s":{"0":1,"1":0,"2":1},"f":{"0":1},"b":{"0":[0,1]},"_coverageSchema":"1a1c01bbd47fc00a2c39e90264f33305004495a9","hash":"32a209965363cf35c3e67ab16c34b042e4dd76ee"}
,"C:\\Users\\lucas\\OneDrive\\Desktop\\fulestak\\Proyect_Coso_1\\src\\components\\PointsProfile.jsx": {"path":"C:\\Users\\lucas\\OneDrive\\Desktop\\fulestak\\Proyect_Coso_1\\src\\components\\PointsProfile.jsx","statementMap":{"0":{"start":{"line":5,"column":22},"end":{"line":5,"column":67}},"1":{"start":{"line":6,"column":19},"end":{"line":6,"column":61}},"2":{"start":{"line":7,"column":17},"end":{"line":7,"column":54}},"3":{"start":{"line":8,"column":16},"end":{"line":8,"column":55}},"4":{"start":{"line":9,"column":18},"end":{"line":9,"column":60}},"5":{"start":{"line":13,"column":2},"end":{"line":30,"column":3}},"6":{"start":{"line":14,"column":4},"end":{"line":22,"column":6}},"7":{"start":{"line":24,"column":4},"end":{"line":29,"column":6}}},"fnMap":{"0":{"name":"PointsProfile","decl":{"start":{"line":4,"column":9},"end":{"line":4,"column":22}},"loc":{"start":{"line":4,"column":37},"end":{"line":31,"column":1}},"line":4}},"branchMap":{"0":{"loc":{"start":{"line":5,"column":22},"end":{"line":5,"column":67}},"type":"binary-expr","locations":[{"start":{"line":5,"column":22},"end":{"line":5,"column":57}},{"start":{"line":5,"column":61},"end":{"line":5,"column":67}}],"line":5},"1":{"loc":{"start":{"line":6,"column":19},"end":{"line":6,"column":61}},"type":"binary-expr","locations":[{"start":{"line":6,"column":19},"end":{"line":6,"column":51}},{"start":{"line":6,"column":55},"end":{"line":6,"column":61}}],"line":6},"2":{"loc":{"start":{"line":7,"column":17},"end":{"line":7,"column":54}},"type":"binary-expr","locations":[{"start":{"line":7,"column":17},"end":{"line":7,"column":47}},{"start":{"line":7,"column":51},"end":{"line":7,"column":54}}],"line":7},"3":{"loc":{"start":{"line":8,"column":16},"end":{"line":8,"column":55}},"type":"binary-expr","locations":[{"start":{"line":8,"column":16},"end":{"line":8,"column":45}},{"start":{"line":8,"column":49},"end":{"line":8,"column":55}}],"line":8},"4":{"loc":{"start":{"line":9,"column":18},"end":{"line":9,"column":60}},"type":"binary-expr","locations":[{"start":{"line":9,"column":18},"end":{"line":9,"column":49}},{"start":{"line":9,"column":53},"end":{"line":9,"column":60}}],"line":9},"5":{"loc":{"start":{"line":13,"column":2},"end":{"line":30,"column":3}},"type":"if","locations":[{"start":{"line":13,"column":2},"end":{"line":30,"column":3}},{"start":{"line":23,"column":9},"end":{"line":30,"column":3}}],"line":13},"6":{"loc":{"start":{"line":20,"column":9},"end":{"line":20,"column":106}},"type":"cond-expr","locations":[{"start":{"line":20,"column":19},"end":{"line":20,"column":73}},{"start":{"line":20,"column":76},"end":{"line":20,"column":106}}],"line":20}},"s":{"0":4,"1":4,"2":4,"3":4,"4":4,"5":4,"6":2,"7":2},"f":{"0":4},"b":{"0":[4,4],"1":[4,0],"2":[4,0],"3":[4,0],"4":[4,0],"5":[2,2],"6":[2,0]},"_coverageSchema":"1a1c01bbd47fc00a2c39e90264f33305004495a9","hash":"9416fa677e9ec450fa134c644638d91cd6105d6c"}
,"C:\\Users\\lucas\\OneDrive\\Desktop\\fulestak\\Proyect_Coso_1\\src\\components\\ProductCard.jsx": {"path":"C:\\Users\\lucas\\OneDrive\\Desktop\\fulestak\\Proyect_Coso_1\\src\\components\\ProductCard.jsx","statementMap":{"0":{"start":{"line":14,"column":6},"end":{"line":14,"column":13}},"1":{"start":{"line":16,"column":19},"end":{"line":16,"column":32}},"2":{"start":{"line":18,"column":22},"end":{"line":20,"column":3}},"3":{"start":{"line":19,"column":4},"end":{"line":19,"column":38}},"4":{"start":{"line":22,"column":28},"end":{"line":24,"column":3}},"5":{"start":{"line":23,"column":4},"end":{"line":23,"column":35}},"6":{"start":{"line":26,"column":2},"end":{"line":59,"column":4}},"7":{"start":{"line":44,"column":33},"end":{"line":44,"column":51}},"8":{"start":{"line":63,"column":20},"end":{"line":63,"column":71}},"9":{"start":{"line":64,"column":2},"end":{"line":64,"column":26}},"10":{"start":{"line":65,"column":2},"end":{"line":65,"column":63}}},"fnMap":{"0":{"name":"ProductCard","decl":{"start":{"line":5,"column":24},"end":{"line":5,"column":35}},"loc":{"start":{"line":5,"column":49},"end":{"line":60,"column":1}},"line":5},"1":{"name":"(anonymous_1)","decl":{"start":{"line":18,"column":22},"end":{"line":18,"column":23}},"loc":{"start":{"line":18,"column":28},"end":{"line":20,"column":3}},"line":18},"2":{"name":"(anonymous_2)","decl":{"start":{"line":22,"column":28},"end":{"line":22,"column":29}},"loc":{"start":{"line":22,"column":34},"end":{"line":24,"column":3}},"line":22},"3":{"name":"(anonymous_3)","decl":{"start":{"line":44,"column":27},"end":{"line":44,"column":28}},"loc":{"start":{"line":44,"column":33},"end":{"line":44,"column":51}},"line":44},"4":{"name":"addToCart","decl":{"start":{"line":62,"column":9},"end":{"line":62,"column":18}},"loc":{"start":{"line":62,"column":28},"end":{"line":66,"column":1}},"line":62}},"branchMap":{"0":{"loc":{"start":{"line":46,"column":12},"end":{"line":48,"column":20}},"type":"cond-expr","locations":[{"start":{"line":47,"column":14},"end":{"line":47,"column":60}},{"start":{"line":48,"column":16},"end":{"line":48,"column":20}}],"line":46},"1":{"loc":{"start":{"line":46,"column":12},"end":{"line":46,"column":95}},"type":"binary-expr","locations":[{"start":{"line":46,"column":12},"end":{"line":46,"column":51}},{"start":{"line":46,"column":55},"end":{"line":46,"column":95}}],"line":46},"2":{"loc":{"start":{"line":52,"column":12},"end":{"line":54,"column":13}},"type":"binary-expr","locations":[{"start":{"line":52,"column":12},"end":{"line":52,"column":52}},{"start":{"line":53,"column":14},"end":{"line":53,"column":65}}],"line":52},"3":{"loc":{"start":{"line":63,"column":20},"end":{"line":63,"column":71}},"type":"binary-expr","locations":[{"start":{"line":63,"column":20},"end":{"line":63,"column":65}},{"start":{"line":63,"column":69},"end":{"line":63,"column":71}}],"line":63}},"s":{"0":1,"1":1,"2":1,"3":0,"4":1,"5":0,"6":1,"7":0,"8":0,"9":0,"10":0},"f":{"0":1,"1":0,"2":0,"3":0,"4":0},"b":{"0":[0,1],"1":[1,1],"2":[1,0],"3":[0,0]},"_coverageSchema":"1a1c01bbd47fc00a2c39e90264f33305004495a9","hash":"30833a11ef8e49d0b0408b1d917f0a66de4cabd8"}
,"C:\\Users\\lucas\\OneDrive\\Desktop\\fulestak\\Proyect_Coso_1\\src\\components\\Shop.jsx": {"path":"C:\\Users\\lucas\\OneDrive\\Desktop\\fulestak\\Proyect_Coso_1\\src\\components\\Shop.jsx","statementMap":{"0":{"start":{"line":5,"column":2},"end":{"line":8,"column":4}},"1":{"start":{"line":6,"column":4},"end":{"line":8,"column":4}},"2":{"start":{"line":11,"column":26},"end":{"line":18,"column":8}},"3":{"start":{"line":12,"column":4},"end":{"line":16,"column":5}},"4":{"start":{"line":13,"column":6},"end":{"line":13,"column":45}},"5":{"start":{"line":15,"column":6},"end":{"line":15,"column":61}},"6":{"start":{"line":17,"column":4},"end":{"line":17,"column":15}},"7":{"start":{"line":20,"column":23},"end":{"line":20,"column":53}},"8":{"start":{"line":23,"column":16},"end":{"line":26,"column":3}},"9":{"start":{"line":24,"column":19},"end":{"line":24,"column":58}},"10":{"start":{"line":29,"column":20},"end":{"line":34,"column":3}},"11":{"start":{"line":30,"column":21},"end":{"line":30,"column":72}},"12":{"start":{"line":31,"column":4},"end":{"line":31,"column":24}},"13":{"start":{"line":32,"column":4},"end":{"line":32,"column":64}},"14":{"start":{"line":33,"column":4},"end":{"line":33,"column":17}},"15":{"start":{"line":37,"column":23},"end":{"line":45,"column":3}},"16":{"start":{"line":38,"column":21},"end":{"line":38,"column":72}},"17":{"start":{"line":39,"column":18},"end":{"line":39,"column":79}},"18":{"start":{"line":39,"column":44},"end":{"line":39,"column":78}},"19":{"start":{"line":40,"column":4},"end":{"line":44,"column":5}},"20":{"start":{"line":41,"column":6},"end":{"line":41,"column":32}},"21":{"start":{"line":42,"column":6},"end":{"line":42,"column":66}},"22":{"start":{"line":43,"column":6},"end":{"line":43,"column":19}},"23":{"start":{"line":47,"column":2},"end":{"line":81,"column":4}},"24":{"start":{"line":60,"column":12},"end":{"line":73,"column":18}},"25":{"start":{"line":67,"column":39},"end":{"line":67,"column":57}},"26":{"start":{"line":69,"column":39},"end":{"line":69,"column":54}}},"fnMap":{"0":{"name":"Shop","decl":{"start":{"line":3,"column":9},"end":{"line":3,"column":13}},"loc":{"start":{"line":3,"column":49},"end":{"line":82,"column":1}},"line":3},"1":{"name":"(anonymous_1)","decl":{"start":{"line":11,"column":38},"end":{"line":11,"column":39}},"loc":{"start":{"line":11,"column":56},"end":{"line":18,"column":3}},"line":11},"2":{"name":"(anonymous_2)","decl":{"start":{"line":24,"column":4},"end":{"line":24,"column":5}},"loc":{"start":{"line":24,"column":19},"end":{"line":24,"column":58}},"line":24},"3":{"name":"(anonymous_3)","decl":{"start":{"line":29,"column":20},"end":{"line":29,"column":21}},"loc":{"start":{"line":29,"column":30},"end":{"line":34,"column":3}},"line":29},"4":{"name":"(anonymous_4)","decl":{"start":{"line":37,"column":23},"end":{"line":37,"column":24}},"loc":{"start":{"line":37,"column":33},"end":{"line":45,"column":3}},"line":37},"5":{"name":"(anonymous_5)","decl":{"start":{"line":39,"column":37},"end":{"line":39,"column":38}},"loc":{"start":{"line":39,"column":44},"end":{"line":39,"column":78}},"line":39},"6":{"name":"(anonymous_6)","decl":{"start":{"line":59,"column":28},"end":{"line":59,"column":29}},"loc":{"start":{"line":60,"column":12},"end":{"line":73,"column":18}},"line":60},"7":{"name":"(anonymous_7)","decl":{"start":{"line":67,"column":33},"end":{"line":67,"column":34}},"loc":{"start":{"line":67,"column":38},"end":{"line":67,"column":58}},"line":67},"8":{"name":"(anonymous_8)","decl":{"start":{"line":69,"column":33},"end":{"line":69,"column":34}},"loc":{"start":{"line":69,"column":39},"end":{"line":69,"column":54}},"line":69}},"branchMap":{"0":{"loc":{"start":{"line":3,"column":24},"end":{"line":3,"column":33}},"type":"default-arg","locations":[{"start":{"line":3,"column":31},"end":{"line":3,"column":33}}],"line":3},"1":{"loc":{"start":{"line":5,"column":2},"end":{"line":8,"column":4}},"type":"if","locations":[{"start":{"line":5,"column":2},"end":{"line":8,"column":4}},{"start":{},"end":{}}],"line":5},"2":{"loc":{"start":{"line":12,"column":4},"end":{"line":16,"column":5}},"type":"if","locations":[{"start":{"line":12,"column":4},"end":{"line":16,"column":5}},{"start":{"line":14,"column":11},"end":{"line":16,"column":5}}],"line":12},"3":{"loc":{"start":{"line":30,"column":21},"end":{"line":30,"column":72}},"type":"binary-expr","locations":[{"start":{"line":30,"column":21},"end":{"line":30,"column":66}},{"start":{"line":30,"column":70},"end":{"line":30,"column":72}}],"line":30},"4":{"loc":{"start":{"line":38,"column":21},"end":{"line":38,"column":72}},"type":"binary-expr","locations":[{"start":{"line":38,"column":21},"end":{"line":38,"column":66}},{"start":{"line":38,"column":70},"end":{"line":38,"column":72}}],"line":38},"5":{"loc":{"start":{"line":40,"column":4},"end":{"line":44,"column":5}},"type":"if","locations":[{"start":{"line":40,"column":4},"end":{"line":44,"column":5}},{"start":{},"end":{}}],"line":40},"6":{"loc":{"start":{"line":54,"column":7},"end":{"line":79,"column":7}},"type":"cond-expr","locations":[{"start":{"line":55,"column":8},"end":{"line":55,"column":39}},{"start":{"line":57,"column":8},"end":{"line":78,"column":11}}],"line":54}},"s":{"0":3,"1":1,"2":2,"3":2,"4":0,"5":2,"6":2,"7":2,"8":2,"9":2,"10":2,"11":1,"12":1,"13":1,"14":1,"15":2,"16":0,"17":0,"18":0,"19":0,"20":0,"21":0,"22":0,"23":2,"24":2,"25":0,"26":1},"f":{"0":3,"1":2,"2":2,"3":1,"4":0,"5":0,"6":2,"7":0,"8":1},"b":{"0":[0],"1":[1,2],"2":[0,2],"3":[1,0],"4":[0,0],"5":[0,0],"6":[0,2]},"_coverageSchema":"1a1c01bbd47fc00a2c39e90264f33305004495a9","hash":"a9151a0cd74ef250bfe246abffd8814387c871dd"}
,"C:\\Users\\lucas\\OneDrive\\Desktop\\fulestak\\Proyect_Coso_1\\src\\pages\\LoginPage.jsx": {"path":"C:\\Users\\lucas\\OneDrive\\Desktop\\fulestak\\Proyect_Coso_1\\src\\pages\\LoginPage.jsx","statementMap":{"0":{"start":{"line":13,"column":19},"end":{"line":13,"column":32}},"1":{"start":{"line":14,"column":22},"end":{"line":16,"column":3}},"2":{"start":{"line":15,"column":4},"end":{"line":15,"column":18}},"3":{"start":{"line":19,"column":2},"end":{"line":34,"column":4}}},"fnMap":{"0":{"name":"LoginPage","decl":{"start":{"line":11,"column":9},"end":{"line":11,"column":18}},"loc":{"start":{"line":11,"column":21},"end":{"line":35,"column":1}},"line":11},"1":{"name":"(anonymous_1)","decl":{"start":{"line":14,"column":22},"end":{"line":14,"column":23}},"loc":{"start":{"line":14,"column":33},"end":{"line":16,"column":3}},"line":14}},"branchMap":{},"s":{"0":1,"1":1,"2":0,"3":1},"f":{"0":1,"1":0},"b":{},"_coverageSchema":"1a1c01bbd47fc00a2c39e90264f33305004495a9","hash":"2dfb9c0cc09ae8336a6b151463482bd98883f265"}
,"C:\\Users\\lucas\\OneDrive\\Desktop\\fulestak\\Proyect_Coso_1\\src\\services\\AuthService.js": {"path":"C:\\Users\\lucas\\OneDrive\\Desktop\\fulestak\\Proyect_Coso_1\\src\\services\\AuthService.js","statementMap":{"0":{"start":{"line":3,"column":17},"end":{"line":3,"column":49}},"1":{"start":{"line":6,"column":2},"end":{"line":29,"column":3}},"2":{"start":{"line":7,"column":21},"end":{"line":10,"column":6}},"3":{"start":{"line":12,"column":44},"end":{"line":12,"column":57}},"4":{"start":{"line":15,"column":4},"end":{"line":15,"column":41}},"5":{"start":{"line":16,"column":4},"end":{"line":16,"column":43}},"6":{"start":{"line":17,"column":4},"end":{"line":17,"column":39}},"7":{"start":{"line":18,"column":4},"end":{"line":18,"column":43}},"8":{"start":{"line":19,"column":4},"end":{"line":19,"column":49}},"9":{"start":{"line":20,"column":4},"end":{"line":20,"column":57}},"10":{"start":{"line":21,"column":4},"end":{"line":21,"column":55}},"11":{"start":{"line":22,"column":4},"end":{"line":22,"column":55}},"12":{"start":{"line":23,"column":4},"end":{"line":23,"column":61}},"13":{"start":{"line":25,"column":4},"end":{"line":25,"column":43}},"14":{"start":{"line":27,"column":4},"end":{"line":27,"column":73}},"15":{"start":{"line":28,"column":4},"end":{"line":28,"column":16}},"16":{"start":{"line":33,"column":2},"end":{"line":51,"column":3}},"17":{"start":{"line":35,"column":20},"end":{"line":35,"column":41}},"18":{"start":{"line":37,"column":21},"end":{"line":46,"column":6}},"19":{"start":{"line":47,"column":4},"end":{"line":47,"column":25}},"20":{"start":{"line":49,"column":4},"end":{"line":49,"column":76}},"21":{"start":{"line":50,"column":4},"end":{"line":50,"column":16}},"22":{"start":{"line":55,"column":2},"end":{"line":55,"column":35}},"23":{"start":{"line":56,"column":2},"end":{"line":56,"column":38}},"24":{"start":{"line":57,"column":2},"end":{"line":57,"column":34}},"25":{"start":{"line":58,"column":2},"end":{"line":58,"column":36}},"26":{"start":{"line":62,"column":2},"end":{"line":62,"column":40}},"27":{"start":{"line":66,"column":2},"end":{"line":66,"column":42}},"28":{"start":{"line":70,"column":2},"end":{"line":70,"column":38}},"29":{"start":{"line":74,"column":2},"end":{"line":74,"column":50}}},"fnMap":{"0":{"name":"login","decl":{"start":{"line":5,"column":22},"end":{"line":5,"column":27}},"loc":{"start":{"line":5,"column":48},"end":{"line":30,"column":1}},"line":5},"1":{"name":"register","decl":{"start":{"line":32,"column":22},"end":{"line":32,"column":30}},"loc":{"start":{"line":32,"column":98},"end":{"line":52,"column":1}},"line":32},"2":{"name":"logout","decl":{"start":{"line":54,"column":16},"end":{"line":54,"column":22}},"loc":{"start":{"line":54,"column":25},"end":{"line":59,"column":1}},"line":54},"3":{"name":"isAuthenticated","decl":{"start":{"line":61,"column":16},"end":{"line":61,"column":31}},"loc":{"start":{"line":61,"column":34},"end":{"line":63,"column":1}},"line":61},"4":{"name":"getUsername","decl":{"start":{"line":65,"column":16},"end":{"line":65,"column":27}},"loc":{"start":{"line":65,"column":30},"end":{"line":67,"column":1}},"line":65},"5":{"name":"getRole","decl":{"start":{"line":69,"column":16},"end":{"line":69,"column":23}},"loc":{"start":{"line":69,"column":26},"end":{"line":71,"column":1}},"line":69},"6":{"name":"isAdmin","decl":{"start":{"line":73,"column":16},"end":{"line":73,"column":23}},"loc":{"start":{"line":73,"column":26},"end":{"line":75,"column":1}},"line":73}},"branchMap":{"0":{"loc":{"start":{"line":27,"column":34},"end":{"line":27,"column":71}},"type":"binary-expr","locations":[{"start":{"line":27,"column":34},"end":{"line":27,"column":54}},{"start":{"line":27,"column":58},"end":{"line":27,"column":71}}],"line":27},"1":{"loc":{"start":{"line":32,"column":51},"end":{"line":32,"column":64}},"type":"default-arg","locations":[{"start":{"line":32,"column":58},"end":{"line":32,"column":64}}],"line":32},"2":{"loc":{"start":{"line":49,"column":37},"end":{"line":49,"column":74}},"type":"binary-expr","locations":[{"start":{"line":49,"column":37},"end":{"line":49,"column":57}},{"start":{"line":49,"column":61},"end":{"line":49,"column":74}}],"line":49}},"s":{"0":1,"1":0,"2":0,"3":0,"4":0,"5":0,"6":0,"7":0,"8":0,"9":0,"10":0,"11":0,"12":0,"13":0,"14":0,"15":0,"16":0,"17":0,"18":0,"19":0,"20":0,"21":0,"22":0,"23":0,"24":0,"25":0,"26":0,"27":0,"28":0,"29":0},"f":{"0":0,"1":0,"2":0,"3":0,"4":0,"5":0,"6":0},"b":{"0":[0,0],"1":[0],"2":[0,0]},"_coverageSchema":"1a1c01bbd47fc00a2c39e90264f33305004495a9","hash":"d5ecdfd919fcc705b4779a2b6a20413427e035c3"}
,"C:\\Users\\lucas\\OneDrive\\Desktop\\fulestak\\Proyect_Coso_1\\testMocks\\mock.js": {"path":"C:\\Users\\lucas\\OneDrive\\Desktop\\fulestak\\Proyect_Coso_1\\testMocks\\mock.js","statementMap":{"0":{"start":{"line":1,"column":0},"end":{"line":1,"column":34}}},"fnMap":{},"branchMap":{},"s":{"0":1},"f":{},"b":{},"_coverageSchema":"1a1c01bbd47fc00a2c39e90264f33305004495a9","hash":"de16a5081e955a27d2523795b878fd578a7ae8dc"}
}
