{"C:\\Users\\lucas\\OneDrive\\Desktop\\nuevo nuevo\\Proyect_Coso_1\\src\\components\\AuthForm.jsx": {"path":"C:\\Users\\lucas\\OneDrive\\Desktop\\nuevo nuevo\\Proyect_Coso_1\\src\\components\\AuthForm.jsx","statementMap":{"0":{"start":{"line":6,"column":28},"end":{"line":6,"column":40}},"1":{"start":{"line":7,"column":34},"end":{"line":7,"column":46}},"2":{"start":{"line":8,"column":34},"end":{"line":8,"column":46}},"3":{"start":{"line":9,"column":36},"end":{"line":9,"column":48}},"4":{"start":{"line":10,"column":28},"end":{"line":10,"column":40}},"5":{"start":{"line":11,"column":34},"end":{"line":11,"column":48}},"6":{"start":{"line":12,"column":48},"end":{"line":12,"column":60}},"7":{"start":{"line":15,"column":21},"end":{"line":15,"column":40}},"8":{"start":{"line":17,"column":23},"end":{"line":26,"column":3}},"9":{"start":{"line":18,"column":18},"end":{"line":18,"column":28}},"10":{"start":{"line":19,"column":18},"end":{"line":19,"column":38}},"11":{"start":{"line":20,"column":14},"end":{"line":20,"column":55}},"12":{"start":{"line":21,"column":18},"end":{"line":21,"column":53}},"13":{"start":{"line":22,"column":4},"end":{"line":24,"column":5}},"14":{"start":{"line":23,"column":6},"end":{"line":23,"column":12}},"15":{"start":{"line":25,"column":4},"end":{"line":25,"column":15}},"16":{"start":{"line":28,"column":22},"end":{"line":31,"column":3}},"17":{"start":{"line":29,"column":4},"end":{"line":30,"column":25}},"18":{"start":{"line":29,"column":38},"end":{"line":29,"column":53}},"19":{"start":{"line":30,"column":9},"end":{"line":30,"column":25}},"20":{"start":{"line":33,"column":17},"end":{"line":86,"column":3}},"21":{"start":{"line":34,"column":4},"end":{"line":34,"column":23}},"22":{"start":{"line":35,"column":18},"end":{"line":35,"column":67}},"23":{"start":{"line":37,"column":4},"end":{"line":85,"column":5}},"24":{"start":{"line":38,"column":6},"end":{"line":41,"column":7}},"25":{"start":{"line":39,"column":8},"end":{"line":39,"column":59}},"26":{"start":{"line":40,"column":8},"end":{"line":40,"column":15}},"27":{"start":{"line":43,"column":18},"end":{"line":43,"column":41}},"28":{"start":{"line":44,"column":6},"end":{"line":47,"column":7}},"29":{"start":{"line":45,"column":8},"end":{"line":45,"column":67}},"30":{"start":{"line":46,"column":8},"end":{"line":46,"column":15}},"31":{"start":{"line":49,"column":6},"end":{"line":52,"column":7}},"32":{"start":{"line":50,"column":8},"end":{"line":50,"column":50}},"33":{"start":{"line":51,"column":8},"end":{"line":51,"column":15}},"34":{"start":{"line":54,"column":6},"end":{"line":57,"column":7}},"35":{"start":{"line":55,"column":8},"end":{"line":55,"column":50}},"36":{"start":{"line":56,"column":8},"end":{"line":56,"column":15}},"37":{"start":{"line":59,"column":27},"end":{"line":59,"column":82}},"38":{"start":{"line":59,"column":58},"end":{"line":59,"column":81}},"39":{"start":{"line":60,"column":6},"end":{"line":63,"column":7}},"40":{"start":{"line":61,"column":8},"end":{"line":61,"column":57}},"41":{"start":{"line":62,"column":8},"end":{"line":62,"column":15}},"42":{"start":{"line":65,"column":23},"end":{"line":65,"column":41}},"43":{"start":{"line":67,"column":6},"end":{"line":67,"column":65}},"44":{"start":{"line":68,"column":6},"end":{"line":68,"column":59}},"45":{"start":{"line":70,"column":6},"end":{"line":70,"column":28}},"46":{"start":{"line":71,"column":6},"end":{"line":71,"column":20}},"47":{"start":{"line":74,"column":6},"end":{"line":77,"column":7}},"48":{"start":{"line":75,"column":8},"end":{"line":75,"column":46}},"49":{"start":{"line":76,"column":8},"end":{"line":76,"column":15}},"50":{"start":{"line":78,"column":19},"end":{"line":78,"column":23}},"51":{"start":{"line":79,"column":17},"end":{"line":79,"column":132}},"52":{"start":{"line":80,"column":6},"end":{"line":80,"column":61}},"53":{"start":{"line":81,"column":6},"end":{"line":81,"column":45}},"54":{"start":{"line":82,"column":6},"end":{"line":82,"column":64}},"55":{"start":{"line":84,"column":6},"end":{"line":84,"column":20}},"56":{"start":{"line":88,"column":2},"end":{"line":153,"column":4}},"57":{"start":{"line":98,"column":27},"end":{"line":98,"column":54}},"58":{"start":{"line":107,"column":12},"end":{"line":107,"column":37}},"59":{"start":{"line":108,"column":12},"end":{"line":110,"column":13}},"60":{"start":{"line":109,"column":14},"end":{"line":109,"column":55}},"61":{"start":{"line":119,"column":27},"end":{"line":119,"column":54}},"62":{"start":{"line":129,"column":31},"end":{"line":129,"column":65}},"63":{"start":{"line":136,"column":31},"end":{"line":136,"column":59}}},"fnMap":{"0":{"name":"AuthForm","decl":{"start":{"line":4,"column":9},"end":{"line":4,"column":17}},"loc":{"start":{"line":4,"column":46},"end":{"line":154,"column":1}},"line":4},"1":{"name":"(anonymous_1)","decl":{"start":{"line":17,"column":23},"end":{"line":17,"column":24}},"loc":{"start":{"line":17,"column":39},"end":{"line":26,"column":3}},"line":17},"2":{"name":"(anonymous_2)","decl":{"start":{"line":28,"column":22},"end":{"line":28,"column":23}},"loc":{"start":{"line":28,"column":33},"end":{"line":31,"column":3}},"line":28},"3":{"name":"(anonymous_3)","decl":{"start":{"line":33,"column":17},"end":{"line":33,"column":18}},"loc":{"start":{"line":33,"column":24},"end":{"line":86,"column":3}},"line":33},"4":{"name":"(anonymous_4)","decl":{"start":{"line":59,"column":53},"end":{"line":59,"column":54}},"loc":{"start":{"line":59,"column":58},"end":{"line":59,"column":81}},"line":59},"5":{"name":"(anonymous_5)","decl":{"start":{"line":98,"column":20},"end":{"line":98,"column":21}},"loc":{"start":{"line":98,"column":27},"end":{"line":98,"column":54}},"line":98},"6":{"name":"(anonymous_6)","decl":{"start":{"line":106,"column":20},"end":{"line":106,"column":21}},"loc":{"start":{"line":106,"column":27},"end":{"line":111,"column":11}},"line":106},"7":{"name":"(anonymous_7)","decl":{"start":{"line":119,"column":20},"end":{"line":119,"column":21}},"loc":{"start":{"line":119,"column":27},"end":{"line":119,"column":54}},"line":119},"8":{"name":"(anonymous_8)","decl":{"start":{"line":129,"column":24},"end":{"line":129,"column":25}},"loc":{"start":{"line":129,"column":31},"end":{"line":129,"column":65}},"line":129},"9":{"name":"(anonymous_9)","decl":{"start":{"line":136,"column":24},"end":{"line":136,"column":25}},"loc":{"start":{"line":136,"column":31},"end":{"line":136,"column":59}},"line":136}},"branchMap":{"0":{"loc":{"start":{"line":4,"column":20},"end":{"line":4,"column":34}},"type":"default-arg","locations":[{"start":{"line":4,"column":27},"end":{"line":4,"column":34}}],"line":4},"1":{"loc":{"start":{"line":22,"column":4},"end":{"line":24,"column":5}},"type":"if","locations":[{"start":{"line":22,"column":4},"end":{"line":24,"column":5}},{"start":{},"end":{}}],"line":22},"2":{"loc":{"start":{"line":22,"column":8},"end":{"line":22,"column":71}},"type":"binary-expr","locations":[{"start":{"line":22,"column":8},"end":{"line":22,"column":17}},{"start":{"line":22,"column":22},"end":{"line":22,"column":33}},{"start":{"line":22,"column":37},"end":{"line":22,"column":70}}],"line":22},"3":{"loc":{"start":{"line":29,"column":4},"end":{"line":30,"column":25}},"type":"if","locations":[{"start":{"line":29,"column":4},"end":{"line":30,"column":25}},{"start":{"line":30,"column":9},"end":{"line":30,"column":25}}],"line":29},"4":{"loc":{"start":{"line":35,"column":29},"end":{"line":35,"column":66}},"type":"binary-expr","locations":[{"start":{"line":35,"column":29},"end":{"line":35,"column":58}},{"start":{"line":35,"column":62},"end":{"line":35,"column":66}}],"line":35},"5":{"loc":{"start":{"line":37,"column":4},"end":{"line":85,"column":5}},"type":"if","locations":[{"start":{"line":37,"column":4},"end":{"line":85,"column":5}},{"start":{"line":73,"column":11},"end":{"line":85,"column":5}}],"line":37},"6":{"loc":{"start":{"line":38,"column":6},"end":{"line":41,"column":7}},"type":"if","locations":[{"start":{"line":38,"column":6},"end":{"line":41,"column":7}},{"start":{},"end":{}}],"line":38},"7":{"loc":{"start":{"line":44,"column":6},"end":{"line":47,"column":7}},"type":"if","locations":[{"start":{"line":44,"column":6},"end":{"line":47,"column":7}},{"start":{},"end":{}}],"line":44},"8":{"loc":{"start":{"line":49,"column":6},"end":{"line":52,"column":7}},"type":"if","locations":[{"start":{"line":49,"column":6},"end":{"line":52,"column":7}},{"start":{},"end":{}}],"line":49},"9":{"loc":{"start":{"line":54,"column":6},"end":{"line":57,"column":7}},"type":"if","locations":[{"start":{"line":54,"column":6},"end":{"line":57,"column":7}},{"start":{},"end":{}}],"line":54},"10":{"loc":{"start":{"line":60,"column":6},"end":{"line":63,"column":7}},"type":"if","locations":[{"start":{"line":60,"column":6},"end":{"line":63,"column":7}},{"start":{},"end":{}}],"line":60},"11":{"loc":{"start":{"line":74,"column":6},"end":{"line":77,"column":7}},"type":"if","locations":[{"start":{"line":74,"column":6},"end":{"line":77,"column":7}},{"start":{},"end":{}}],"line":74},"12":{"loc":{"start":{"line":74,"column":10},"end":{"line":74,"column":98}},"type":"binary-expr","locations":[{"start":{"line":74,"column":10},"end":{"line":74,"column":23}},{"start":{"line":74,"column":27},"end":{"line":74,"column":61}},{"start":{"line":74,"column":64},"end":{"line":74,"column":98}}],"line":74},"13":{"loc":{"start":{"line":91,"column":11},"end":{"line":91,"column":56}},"type":"cond-expr","locations":[{"start":{"line":91,"column":24},"end":{"line":91,"column":37}},{"start":{"line":91,"column":40},"end":{"line":91,"column":56}}],"line":91},"14":{"loc":{"start":{"line":108,"column":12},"end":{"line":110,"column":13}},"type":"if","locations":[{"start":{"line":108,"column":12},"end":{"line":110,"column":13}},{"start":{},"end":{}}],"line":108},"15":{"loc":{"start":{"line":123,"column":9},"end":{"line":146,"column":9}},"type":"binary-expr","locations":[{"start":{"line":123,"column":9},"end":{"line":123,"column":19}},{"start":{"line":124,"column":10},"end":{"line":145,"column":13}}],"line":123},"16":{"loc":{"start":{"line":140,"column":13},"end":{"line":144,"column":13}},"type":"binary-expr","locations":[{"start":{"line":140,"column":13},"end":{"line":140,"column":34}},{"start":{"line":141,"column":14},"end":{"line":143,"column":18}}],"line":140},"17":{"loc":{"start":{"line":148,"column":31},"end":{"line":148,"column":69}},"type":"cond-expr","locations":[{"start":{"line":148,"column":44},"end":{"line":148,"column":58}},{"start":{"line":148,"column":61},"end":{"line":148,"column":69}}],"line":148},"18":{"loc":{"start":{"line":149,"column":9},"end":{"line":149,"column":55}},"type":"binary-expr","locations":[{"start":{"line":149,"column":9},"end":{"line":149,"column":14}},{"start":{"line":149,"column":18},"end":{"line":149,"column":55}}],"line":149}},"s":{"0":22,"1":22,"2":22,"3":22,"4":22,"5":22,"6":22,"7":22,"8":22,"9":2,"10":2,"11":2,"12":2,"13":2,"14":0,"15":2,"16":22,"17":2,"18":0,"19":2,"20":22,"21":3,"22":3,"23":3,"24":2,"25":0,"26":0,"27":2,"28":2,"29":1,"30":1,"31":1,"32":1,"33":1,"34":0,"35":0,"36":0,"37":0,"38":0,"39":0,"40":0,"41":0,"42":0,"43":0,"44":0,"45":0,"46":0,"47":1,"48":1,"49":1,"50":0,"51":0,"52":0,"53":0,"54":0,"55":0,"56":22,"57":3,"58":3,"59":3,"60":2,"61":3,"62":2,"63":2},"f":{"0":22,"1":2,"2":2,"3":3,"4":0,"5":3,"6":3,"7":3,"8":2,"9":2},"b":{"0":[0],"1":[0,2],"2":[2,2,2],"3":[0,2],"4":[3,1],"5":[2,1],"6":[0,2],"7":[1,1],"8":[1,0],"9":[0,0],"10":[0,0],"11":[1,0],"12":[1,1,0],"13":[15,7],"14":[2,1],"15":[22,15],"16":[15,0],"17":[15,7],"18":[22,3]},"_coverageSchema":"1a1c01bbd47fc00a2c39e90264f33305004495a9","hash":"83740ea6e038fced46f49366c5ba986fffa60784"}
,"C:\\Users\\lucas\\OneDrive\\Desktop\\nuevo nuevo\\Proyect_Coso_1\\src\\components\\FooterPage.jsx": {"path":"C:\\Users\\lucas\\OneDrive\\Desktop\\nuevo nuevo\\Proyect_Coso_1\\src\\components\\FooterPage.jsx","statementMap":{"0":{"start":{"line":5,"column":4},"end":{"line":40,"column":5}},"1":{"start":{"line":6,"column":8},"end":{"line":31,"column":10}},"2":{"start":{"line":33,"column":8},"end":{"line":39,"column":10}}},"fnMap":{"0":{"name":"FooterPage","decl":{"start":{"line":3,"column":24},"end":{"line":3,"column":34}},"loc":{"start":{"line":3,"column":43},"end":{"line":42,"column":1}},"line":3}},"branchMap":{"0":{"loc":{"start":{"line":5,"column":4},"end":{"line":40,"column":5}},"type":"if","locations":[{"start":{"line":5,"column":4},"end":{"line":40,"column":5}},{"start":{"line":32,"column":9},"end":{"line":40,"column":5}}],"line":5}},"s":{"0":1,"1":0,"2":1},"f":{"0":1},"b":{"0":[0,1]},"_coverageSchema":"1a1c01bbd47fc00a2c39e90264f33305004495a9","hash":"a03d1882ec8b20008505639b4d427c521e09f30a"}
,"C:\\Users\\lucas\\OneDrive\\Desktop\\nuevo nuevo\\Proyect_Coso_1\\src\\components\\PointsProfile.jsx": {"path":"C:\\Users\\lucas\\OneDrive\\Desktop\\nuevo nuevo\\Proyect_Coso_1\\src\\components\\PointsProfile.jsx","statementMap":{"0":{"start":{"line":5,"column":22},"end":{"line":5,"column":79}},"1":{"start":{"line":6,"column":2},"end":{"line":23,"column":3}},"2":{"start":{"line":7,"column":4},"end":{"line":15,"column":6}},"3":{"start":{"line":17,"column":4},"end":{"line":22,"column":6}}},"fnMap":{"0":{"name":"PointsProfile","decl":{"start":{"line":4,"column":9},"end":{"line":4,"column":22}},"loc":{"start":{"line":4,"column":37},"end":{"line":24,"column":1}},"line":4}},"branchMap":{"0":{"loc":{"start":{"line":5,"column":33},"end":{"line":5,"column":78}},"type":"binary-expr","locations":[{"start":{"line":5,"column":33},"end":{"line":5,"column":68}},{"start":{"line":5,"column":72},"end":{"line":5,"column":78}}],"line":5},"1":{"loc":{"start":{"line":6,"column":2},"end":{"line":23,"column":3}},"type":"if","locations":[{"start":{"line":6,"column":2},"end":{"line":23,"column":3}},{"start":{"line":16,"column":9},"end":{"line":23,"column":3}}],"line":6},"2":{"loc":{"start":{"line":13,"column":9},"end":{"line":13,"column":131}},"type":"cond-expr","locations":[{"start":{"line":13,"column":44},"end":{"line":13,"column":98}},{"start":{"line":13,"column":101},"end":{"line":13,"column":131}}],"line":13}},"s":{"0":2,"1":2,"2":1,"3":1},"f":{"0":2},"b":{"0":[2,0],"1":[1,1],"2":[1,0]},"_coverageSchema":"1a1c01bbd47fc00a2c39e90264f33305004495a9","hash":"ebb4c9d6c9d7c4d7b9c80cfa391ba9e269d541fd"}
,"C:\\Users\\lucas\\OneDrive\\Desktop\\nuevo nuevo\\Proyect_Coso_1\\src\\components\\ProductCard.jsx": {"path":"C:\\Users\\lucas\\OneDrive\\Desktop\\nuevo nuevo\\Proyect_Coso_1\\src\\components\\ProductCard.jsx","statementMap":{"0":{"start":{"line":5,"column":101},"end":{"line":5,"column":106}},"1":{"start":{"line":7,"column":2},"end":{"line":37,"column":4}},"2":{"start":{"line":27,"column":27},"end":{"line":27,"column":43}},"3":{"start":{"line":41,"column":20},"end":{"line":41,"column":71}},"4":{"start":{"line":42,"column":2},"end":{"line":42,"column":24}},"5":{"start":{"line":43,"column":2},"end":{"line":43,"column":63}}},"fnMap":{"0":{"name":"ProductCard","decl":{"start":{"line":4,"column":24},"end":{"line":4,"column":35}},"loc":{"start":{"line":4,"column":43},"end":{"line":38,"column":1}},"line":4},"1":{"name":"(anonymous_1)","decl":{"start":{"line":27,"column":21},"end":{"line":27,"column":22}},"loc":{"start":{"line":27,"column":27},"end":{"line":27,"column":43}},"line":27},"2":{"name":"addToCart","decl":{"start":{"line":40,"column":9},"end":{"line":40,"column":18}},"loc":{"start":{"line":40,"column":26},"end":{"line":44,"column":1}},"line":40}},"branchMap":{"0":{"loc":{"start":{"line":41,"column":20},"end":{"line":41,"column":71}},"type":"binary-expr","locations":[{"start":{"line":41,"column":20},"end":{"line":41,"column":65}},{"start":{"line":41,"column":69},"end":{"line":41,"column":71}}],"line":41}},"s":{"0":3,"1":3,"2":1,"3":1,"4":1,"5":1},"f":{"0":3,"1":1,"2":1},"b":{"0":[1,0]},"_coverageSchema":"1a1c01bbd47fc00a2c39e90264f33305004495a9","hash":"82ad6f41804c94b0de6cbc05275a12ee80d260a9"}
,"C:\\Users\\lucas\\OneDrive\\Desktop\\nuevo nuevo\\Proyect_Coso_1\\src\\components\\Shop.jsx": {"path":"C:\\Users\\lucas\\OneDrive\\Desktop\\nuevo nuevo\\Proyect_Coso_1\\src\\components\\Shop.jsx","statementMap":{"0":{"start":{"line":5,"column":2},"end":{"line":8,"column":4}},"1":{"start":{"line":6,"column":4},"end":{"line":8,"column":4}},"2":{"start":{"line":11,"column":26},"end":{"line":18,"column":8}},"3":{"start":{"line":12,"column":4},"end":{"line":16,"column":5}},"4":{"start":{"line":13,"column":6},"end":{"line":13,"column":39}},"5":{"start":{"line":15,"column":6},"end":{"line":15,"column":55}},"6":{"start":{"line":17,"column":4},"end":{"line":17,"column":15}},"7":{"start":{"line":20,"column":23},"end":{"line":20,"column":53}},"8":{"start":{"line":23,"column":16},"end":{"line":26,"column":3}},"9":{"start":{"line":24,"column":19},"end":{"line":24,"column":51}},"10":{"start":{"line":29,"column":20},"end":{"line":34,"column":3}},"11":{"start":{"line":30,"column":21},"end":{"line":30,"column":72}},"12":{"start":{"line":31,"column":4},"end":{"line":31,"column":24}},"13":{"start":{"line":32,"column":4},"end":{"line":32,"column":64}},"14":{"start":{"line":33,"column":4},"end":{"line":33,"column":17}},"15":{"start":{"line":37,"column":23},"end":{"line":45,"column":3}},"16":{"start":{"line":38,"column":21},"end":{"line":38,"column":72}},"17":{"start":{"line":39,"column":18},"end":{"line":39,"column":67}},"18":{"start":{"line":39,"column":44},"end":{"line":39,"column":66}},"19":{"start":{"line":40,"column":4},"end":{"line":44,"column":5}},"20":{"start":{"line":41,"column":6},"end":{"line":41,"column":32}},"21":{"start":{"line":42,"column":6},"end":{"line":42,"column":66}},"22":{"start":{"line":43,"column":6},"end":{"line":43,"column":19}},"23":{"start":{"line":47,"column":2},"end":{"line":81,"column":4}},"24":{"start":{"line":60,"column":12},"end":{"line":73,"column":18}},"25":{"start":{"line":67,"column":39},"end":{"line":67,"column":57}},"26":{"start":{"line":69,"column":39},"end":{"line":69,"column":54}}},"fnMap":{"0":{"name":"Shop","decl":{"start":{"line":3,"column":9},"end":{"line":3,"column":13}},"loc":{"start":{"line":3,"column":49},"end":{"line":82,"column":1}},"line":3},"1":{"name":"(anonymous_1)","decl":{"start":{"line":11,"column":38},"end":{"line":11,"column":39}},"loc":{"start":{"line":11,"column":56},"end":{"line":18,"column":3}},"line":11},"2":{"name":"(anonymous_2)","decl":{"start":{"line":24,"column":4},"end":{"line":24,"column":5}},"loc":{"start":{"line":24,"column":19},"end":{"line":24,"column":51}},"line":24},"3":{"name":"(anonymous_3)","decl":{"start":{"line":29,"column":20},"end":{"line":29,"column":21}},"loc":{"start":{"line":29,"column":30},"end":{"line":34,"column":3}},"line":29},"4":{"name":"(anonymous_4)","decl":{"start":{"line":37,"column":23},"end":{"line":37,"column":24}},"loc":{"start":{"line":37,"column":33},"end":{"line":45,"column":3}},"line":37},"5":{"name":"(anonymous_5)","decl":{"start":{"line":39,"column":37},"end":{"line":39,"column":38}},"loc":{"start":{"line":39,"column":44},"end":{"line":39,"column":66}},"line":39},"6":{"name":"(anonymous_6)","decl":{"start":{"line":59,"column":28},"end":{"line":59,"column":29}},"loc":{"start":{"line":60,"column":12},"end":{"line":73,"column":18}},"line":60},"7":{"name":"(anonymous_7)","decl":{"start":{"line":67,"column":33},"end":{"line":67,"column":34}},"loc":{"start":{"line":67,"column":38},"end":{"line":67,"column":58}},"line":67},"8":{"name":"(anonymous_8)","decl":{"start":{"line":69,"column":33},"end":{"line":69,"column":34}},"loc":{"start":{"line":69,"column":39},"end":{"line":69,"column":54}},"line":69}},"branchMap":{"0":{"loc":{"start":{"line":3,"column":24},"end":{"line":3,"column":33}},"type":"default-arg","locations":[{"start":{"line":3,"column":31},"end":{"line":3,"column":33}}],"line":3},"1":{"loc":{"start":{"line":5,"column":2},"end":{"line":8,"column":4}},"type":"if","locations":[{"start":{"line":5,"column":2},"end":{"line":8,"column":4}},{"start":{},"end":{}}],"line":5},"2":{"loc":{"start":{"line":12,"column":4},"end":{"line":16,"column":5}},"type":"if","locations":[{"start":{"line":12,"column":4},"end":{"line":16,"column":5}},{"start":{"line":14,"column":11},"end":{"line":16,"column":5}}],"line":12},"3":{"loc":{"start":{"line":30,"column":21},"end":{"line":30,"column":72}},"type":"binary-expr","locations":[{"start":{"line":30,"column":21},"end":{"line":30,"column":66}},{"start":{"line":30,"column":70},"end":{"line":30,"column":72}}],"line":30},"4":{"loc":{"start":{"line":38,"column":21},"end":{"line":38,"column":72}},"type":"binary-expr","locations":[{"start":{"line":38,"column":21},"end":{"line":38,"column":66}},{"start":{"line":38,"column":70},"end":{"line":38,"column":72}}],"line":38},"5":{"loc":{"start":{"line":40,"column":4},"end":{"line":44,"column":5}},"type":"if","locations":[{"start":{"line":40,"column":4},"end":{"line":44,"column":5}},{"start":{},"end":{}}],"line":40},"6":{"loc":{"start":{"line":54,"column":7},"end":{"line":79,"column":7}},"type":"cond-expr","locations":[{"start":{"line":55,"column":8},"end":{"line":55,"column":39}},{"start":{"line":57,"column":8},"end":{"line":78,"column":11}}],"line":54}},"s":{"0":3,"1":1,"2":2,"3":2,"4":0,"5":2,"6":2,"7":2,"8":2,"9":2,"10":2,"11":1,"12":1,"13":1,"14":1,"15":2,"16":0,"17":0,"18":0,"19":0,"20":0,"21":0,"22":0,"23":2,"24":2,"25":0,"26":1},"f":{"0":3,"1":2,"2":2,"3":1,"4":0,"5":0,"6":2,"7":0,"8":1},"b":{"0":[0],"1":[1,2],"2":[0,2],"3":[1,0],"4":[0,0],"5":[0,0],"6":[0,2]},"_coverageSchema":"1a1c01bbd47fc00a2c39e90264f33305004495a9","hash":"8bb4fa80fe6ebffefcc894a12a0b60e33a9b79bc"}
,"C:\\Users\\lucas\\OneDrive\\Desktop\\nuevo nuevo\\Proyect_Coso_1\\src\\pages\\LoginPage.jsx": {"path":"C:\\Users\\lucas\\OneDrive\\Desktop\\nuevo nuevo\\Proyect_Coso_1\\src\\pages\\LoginPage.jsx","statementMap":{"0":{"start":{"line":13,"column":19},"end":{"line":13,"column":32}},"1":{"start":{"line":14,"column":22},"end":{"line":16,"column":3}},"2":{"start":{"line":15,"column":4},"end":{"line":15,"column":18}},"3":{"start":{"line":19,"column":2},"end":{"line":34,"column":4}}},"fnMap":{"0":{"name":"LoginPage","decl":{"start":{"line":11,"column":9},"end":{"line":11,"column":18}},"loc":{"start":{"line":11,"column":21},"end":{"line":35,"column":1}},"line":11},"1":{"name":"(anonymous_1)","decl":{"start":{"line":14,"column":22},"end":{"line":14,"column":23}},"loc":{"start":{"line":14,"column":33},"end":{"line":16,"column":3}},"line":14}},"branchMap":{},"s":{"0":1,"1":1,"2":0,"3":1},"f":{"0":1,"1":0},"b":{},"_coverageSchema":"1a1c01bbd47fc00a2c39e90264f33305004495a9","hash":"2b5fe43d8ccd6110bf75bf45ed8312e304cda51c"}
,"C:\\Users\\lucas\\OneDrive\\Desktop\\nuevo nuevo\\Proyect_Coso_1\\testMocks\\mock.js": {"path":"C:\\Users\\lucas\\OneDrive\\Desktop\\nuevo nuevo\\Proyect_Coso_1\\testMocks\\mock.js","statementMap":{"0":{"start":{"line":1,"column":0},"end":{"line":1,"column":34}}},"fnMap":{},"branchMap":{},"s":{"0":1},"f":{},"b":{},"_coverageSchema":"1a1c01bbd47fc00a2c39e90264f33305004495a9","hash":"54a840b5a8317802e57be9d0e87a4f541edb5bfe"}
}
