TN:
SF:src\api\AxiosConfig.js
FN:8,(anonymous_0)
FN:15,(anonymous_1)
FN:22,(anonymous_2)
FN:23,(anonymous_3)
FNF:4
FNH:0
FNDA:0,(anonymous_0)
FNDA:0,(anonymous_1)
FNDA:0,(anonymous_2)
FNDA:0,(anonymous_3)
DA:3,1
DA:7,1
DA:9,0
DA:10,0
DA:11,0
DA:13,0
DA:16,0
DA:21,1
DA:22,0
DA:24,0
DA:25,0
DA:27,0
DA:29,0
DA:31,0
LF:14
LH:3
BRDA:10,0,0,0
BRDA:10,0,1,0
BRDA:24,1,0,0
BRDA:24,1,1,0
BRDA:27,2,0,0
BRDA:27,2,1,0
BRF:6
BRH:0
end_of_record
TN:
SF:src\components\AuthForm.jsx
FN:8,AuthForm
FN:27,(anonymous_1)
FN:38,(anonymous_2)
FN:43,(anonymous_3)
FN:119,(anonymous_4)
FN:127,(anonymous_5)
FN:140,(anonymous_6)
FN:148,(anonymous_7)
FN:161,(anonymous_8)
FNF:9
FNH:9
FNDA:15,AuthForm
FNDA:1,(anonymous_1)
FNDA:1,(anonymous_2)
FNDA:2,(anonymous_3)
FNDA:2,(anonymous_4)
FNDA:2,(anonymous_5)
FNDA:1,(anonymous_6)
FNDA:1,(anonymous_7)
FNDA:1,(anonymous_8)
DA:10,15
DA:12,15
DA:13,15
DA:14,15
DA:16,15
DA:17,15
DA:18,15
DA:19,15
DA:20,15
DA:21,15
DA:22,15
DA:25,15
DA:27,15
DA:28,1
DA:29,1
DA:30,1
DA:31,1
DA:32,1
DA:33,0
DA:35,1
DA:38,15
DA:39,1
DA:40,1
DA:43,15
DA:44,2
DA:45,2
DA:47,2
DA:49,1
DA:50,0
DA:51,0
DA:52,0
DA:55,1
DA:56,0
DA:57,0
DA:60,1
DA:61,1
DA:62,1
DA:63,1
DA:66,0
DA:67,0
DA:68,0
DA:71,0
DA:73,0
DA:74,0
DA:84,0
DA:85,0
DA:87,0
DA:92,1
DA:93,1
DA:95,0
DA:96,0
DA:97,0
DA:98,0
DA:99,0
DA:102,0
DA:104,1
DA:109,15
DA:119,2
DA:127,2
DA:140,1
DA:149,1
DA:150,1
DA:151,1
DA:161,1
LF:64
LH:43
BRDA:8,0,0,0
BRDA:32,1,0,0
BRDA:32,1,1,1
BRDA:32,2,0,1
BRDA:32,2,1,1
BRDA:32,2,2,1
BRDA:39,3,0,0
BRDA:39,3,1,1
BRDA:47,4,0,1
BRDA:47,4,1,1
BRDA:49,5,0,0
BRDA:49,5,1,1
BRDA:55,6,0,0
BRDA:55,6,1,1
BRDA:61,7,0,1
BRDA:61,7,1,0
BRDA:66,8,0,0
BRDA:66,8,1,0
BRDA:87,9,0,0
BRDA:87,9,1,0
BRDA:97,10,0,0
BRDA:97,10,1,0
BRDA:104,11,0,1
BRDA:104,11,1,0
BRDA:112,12,0,8
BRDA:112,12,1,7
BRDA:133,13,0,15
BRDA:133,13,1,8
BRDA:150,14,0,1
BRDA:150,14,1,0
BRDA:165,15,0,8
BRDA:165,15,1,0
BRDA:173,16,0,8
BRDA:173,16,1,7
BRDA:174,17,0,15
BRDA:174,17,1,2
BRF:36
BRH:21
end_of_record
TN:
SF:src\components\FooterPage.jsx
FN:3,FooterPage
FNF:1
FNH:1
FNDA:1,FooterPage
DA:5,1
DA:6,0
DA:33,1
LF:3
LH:2
BRDA:5,0,0,0
BRDA:5,0,1,1
BRF:2
BRH:1
end_of_record
TN:
SF:src\components\PointsProfile.jsx
FN:4,PointsProfile
FNF:1
FNH:1
FNDA:4,PointsProfile
DA:5,4
DA:6,4
DA:7,4
DA:8,4
DA:9,4
DA:13,4
DA:14,2
DA:24,2
LF:8
LH:8
BRDA:5,0,0,4
BRDA:5,0,1,4
BRDA:6,1,0,4
BRDA:6,1,1,0
BRDA:7,2,0,4
BRDA:7,2,1,0
BRDA:8,3,0,4
BRDA:8,3,1,0
BRDA:9,4,0,4
BRDA:9,4,1,0
BRDA:13,5,0,2
BRDA:13,5,1,2
BRDA:20,6,0,2
BRDA:20,6,1,0
BRF:14
BRH:9
end_of_record
TN:
SF:src\components\ProductCard.jsx
FN:5,ProductCard
FN:18,(anonymous_1)
FN:40,(anonymous_2)
FN:48,addToCart
FNF:4
FNH:1
FNDA:4,ProductCard
FNDA:0,(anonymous_1)
FNDA:0,(anonymous_2)
FNDA:0,addToCart
DA:14,4
DA:16,0
DA:18,0
DA:19,0
DA:22,0
DA:40,0
DA:49,0
DA:50,0
DA:51,0
LF:9
LH:1
BRDA:49,0,0,0
BRDA:49,0,1,0
BRF:2
BRH:0
end_of_record
TN:
SF:src\components\Shop.jsx
FN:3,Shop
FN:11,(anonymous_1)
FN:24,(anonymous_2)
FN:29,(anonymous_3)
FN:37,(anonymous_4)
FN:39,(anonymous_5)
FN:59,(anonymous_6)
FN:67,(anonymous_7)
FN:69,(anonymous_8)
FNF:9
FNH:6
FNDA:3,Shop
FNDA:2,(anonymous_1)
FNDA:2,(anonymous_2)
FNDA:1,(anonymous_3)
FNDA:0,(anonymous_4)
FNDA:0,(anonymous_5)
FNDA:2,(anonymous_6)
FNDA:0,(anonymous_7)
FNDA:1,(anonymous_8)
DA:5,3
DA:6,1
DA:11,2
DA:12,2
DA:13,0
DA:15,2
DA:17,2
DA:20,2
DA:23,2
DA:24,2
DA:29,2
DA:30,1
DA:31,1
DA:32,1
DA:33,1
DA:37,2
DA:38,0
DA:39,0
DA:40,0
DA:41,0
DA:42,0
DA:43,0
DA:47,2
DA:60,2
DA:67,0
DA:69,1
LF:26
LH:18
BRDA:3,0,0,0
BRDA:5,1,0,1
BRDA:5,1,1,2
BRDA:12,2,0,0
BRDA:12,2,1,2
BRDA:30,3,0,1
BRDA:30,3,1,0
BRDA:38,4,0,0
BRDA:38,4,1,0
BRDA:40,5,0,0
BRDA:40,5,1,0
BRDA:54,6,0,0
BRDA:54,6,1,2
BRF:13
BRH:5
end_of_record
TN:
SF:src\pages\LoginPage.jsx
FN:11,LoginPage
FN:14,(anonymous_1)
FNF:2
FNH:1
FNDA:1,LoginPage
FNDA:0,(anonymous_1)
DA:13,1
DA:14,1
DA:15,0
DA:19,1
LF:4
LH:3
BRF:0
BRH:0
end_of_record
TN:
SF:src\services\AuthService.js
FN:5,login
FN:32,register
FN:54,logout
FN:61,isAuthenticated
FN:65,getUsername
FN:69,getRole
FN:73,isAdmin
FNF:7
FNH:0
FNDA:0,login
FNDA:0,register
FNDA:0,logout
FNDA:0,isAuthenticated
FNDA:0,getUsername
FNDA:0,getRole
FNDA:0,isAdmin
DA:3,1
DA:6,0
DA:7,0
DA:12,0
DA:15,0
DA:16,0
DA:17,0
DA:18,0
DA:19,0
DA:20,0
DA:21,0
DA:22,0
DA:23,0
DA:25,0
DA:27,0
DA:28,0
DA:33,0
DA:35,0
DA:37,0
DA:47,0
DA:49,0
DA:50,0
DA:55,0
DA:56,0
DA:57,0
DA:58,0
DA:62,0
DA:66,0
DA:70,0
DA:74,0
LF:30
LH:1
BRDA:27,0,0,0
BRDA:27,0,1,0
BRDA:32,1,0,0
BRDA:49,2,0,0
BRDA:49,2,1,0
BRF:5
BRH:0
end_of_record
TN:
SF:testMocks\mock.js
FNF:0
FNH:0
DA:1,1
LF:1
LH:1
BRF:0
BRH:0
end_of_record
