TN:
SF:src\components\AuthForm.jsx
FN:4,AuthForm
FN:17,(anonymous_1)
FN:28,(anonymous_2)
FN:33,(anonymous_3)
FN:59,(anonymous_4)
FN:98,(anonymous_5)
FN:106,(anonymous_6)
FN:119,(anonymous_7)
FN:129,(anonymous_8)
FN:136,(anonymous_9)
FNF:10
FNH:9
FNDA:22,AuthForm
FNDA:2,(anonymous_1)
FNDA:2,(anonymous_2)
FNDA:3,(anonymous_3)
FNDA:0,(anonymous_4)
FNDA:3,(anonymous_5)
FNDA:3,(anonymous_6)
FNDA:3,(anonymous_7)
FNDA:2,(anonymous_8)
FNDA:2,(anonymous_9)
DA:6,22
DA:7,22
DA:8,22
DA:9,22
DA:10,22
DA:11,22
DA:12,22
DA:15,22
DA:17,22
DA:18,2
DA:19,2
DA:20,2
DA:21,2
DA:22,2
DA:23,0
DA:25,2
DA:28,22
DA:29,2
DA:30,2
DA:33,22
DA:34,3
DA:35,3
DA:37,3
DA:38,2
DA:39,0
DA:40,0
DA:43,2
DA:44,2
DA:45,1
DA:46,1
DA:49,1
DA:50,1
DA:51,1
DA:54,0
DA:55,0
DA:56,0
DA:59,0
DA:60,0
DA:61,0
DA:62,0
DA:65,0
DA:67,0
DA:68,0
DA:70,0
DA:71,0
DA:74,1
DA:75,1
DA:76,1
DA:78,0
DA:79,0
DA:80,0
DA:81,0
DA:82,0
DA:84,0
DA:88,22
DA:98,3
DA:107,3
DA:108,3
DA:109,2
DA:119,3
DA:129,2
DA:136,2
LF:62
LH:41
BRDA:4,0,0,0
BRDA:22,1,0,0
BRDA:22,1,1,2
BRDA:22,2,0,2
BRDA:22,2,1,2
BRDA:22,2,2,2
BRDA:29,3,0,0
BRDA:29,3,1,2
BRDA:35,4,0,3
BRDA:35,4,1,1
BRDA:37,5,0,2
BRDA:37,5,1,1
BRDA:38,6,0,0
BRDA:38,6,1,2
BRDA:44,7,0,1
BRDA:44,7,1,1
BRDA:49,8,0,1
BRDA:49,8,1,0
BRDA:54,9,0,0
BRDA:54,9,1,0
BRDA:60,10,0,0
BRDA:60,10,1,0
BRDA:74,11,0,1
BRDA:74,11,1,0
BRDA:74,12,0,1
BRDA:74,12,1,1
BRDA:74,12,2,0
BRDA:91,13,0,15
BRDA:91,13,1,7
BRDA:108,14,0,2
BRDA:108,14,1,1
BRDA:123,15,0,22
BRDA:123,15,1,15
BRDA:140,16,0,15
BRDA:140,16,1,0
BRDA:148,17,0,15
BRDA:148,17,1,7
BRDA:149,18,0,22
BRDA:149,18,1,3
BRF:39
BRH:27
end_of_record
TN:
SF:src\components\FooterPage.jsx
FN:3,FooterPage
FNF:1
FNH:1
FNDA:1,FooterPage
DA:5,1
DA:6,0
DA:33,1
LF:3
LH:2
BRDA:5,0,0,0
BRDA:5,0,1,1
BRF:2
BRH:1
end_of_record
TN:
SF:src\components\PointsProfile.jsx
FN:4,PointsProfile
FNF:1
FNH:1
FNDA:2,PointsProfile
DA:5,2
DA:6,2
DA:7,1
DA:17,1
LF:4
LH:4
BRDA:5,0,0,2
BRDA:5,0,1,0
BRDA:6,1,0,1
BRDA:6,1,1,1
BRDA:13,2,0,1
BRDA:13,2,1,0
BRF:6
BRH:4
end_of_record
TN:
SF:src\components\ProductCard.jsx
FN:4,ProductCard
FN:27,(anonymous_1)
FN:40,addToCart
FNF:3
FNH:3
FNDA:3,ProductCard
FNDA:1,(anonymous_1)
FNDA:1,addToCart
DA:5,3
DA:7,3
DA:27,1
DA:41,1
DA:42,1
DA:43,1
LF:6
LH:6
BRDA:41,0,0,1
BRDA:41,0,1,0
BRF:2
BRH:1
end_of_record
TN:
SF:src\components\Shop.jsx
FN:3,Shop
FN:11,(anonymous_1)
FN:24,(anonymous_2)
FN:29,(anonymous_3)
FN:37,(anonymous_4)
FN:39,(anonymous_5)
FN:59,(anonymous_6)
FN:67,(anonymous_7)
FN:69,(anonymous_8)
FNF:9
FNH:6
FNDA:3,Shop
FNDA:2,(anonymous_1)
FNDA:2,(anonymous_2)
FNDA:1,(anonymous_3)
FNDA:0,(anonymous_4)
FNDA:0,(anonymous_5)
FNDA:2,(anonymous_6)
FNDA:0,(anonymous_7)
FNDA:1,(anonymous_8)
DA:5,3
DA:6,1
DA:11,2
DA:12,2
DA:13,0
DA:15,2
DA:17,2
DA:20,2
DA:23,2
DA:24,2
DA:29,2
DA:30,1
DA:31,1
DA:32,1
DA:33,1
DA:37,2
DA:38,0
DA:39,0
DA:40,0
DA:41,0
DA:42,0
DA:43,0
DA:47,2
DA:60,2
DA:67,0
DA:69,1
LF:26
LH:18
BRDA:3,0,0,0
BRDA:5,1,0,1
BRDA:5,1,1,2
BRDA:12,2,0,0
BRDA:12,2,1,2
BRDA:30,3,0,1
BRDA:30,3,1,0
BRDA:38,4,0,0
BRDA:38,4,1,0
BRDA:40,5,0,0
BRDA:40,5,1,0
BRDA:54,6,0,0
BRDA:54,6,1,2
BRF:13
BRH:5
end_of_record
TN:
SF:src\pages\LoginPage.jsx
FN:11,LoginPage
FN:14,(anonymous_1)
FNF:2
FNH:1
FNDA:1,LoginPage
FNDA:0,(anonymous_1)
DA:13,1
DA:14,1
DA:15,0
DA:19,1
LF:4
LH:3
BRF:0
BRH:0
end_of_record
TN:
SF:testMocks\mock.js
FNF:0
FNH:0
DA:1,1
LF:1
LH:1
BRF:0
BRH:0
end_of_record
